<?xml version="1.0" encoding="UTF-8"?>
<testng-results ignored="0" total="1" passed="1" failed="0" skipped="0">
  <reporter-output>
    <line>
      <![CDATA[hello selenium]]>
    </line>
  </reporter-output>
  <suite started-at="2021-02-06T07:11:09Z" name="Default suite" finished-at="2021-02-06T07:11:09Z" duration-ms="107">
    <groups>
    </groups>
    <test started-at="2021-02-06T07:11:09Z" name="Default test" finished-at="2021-02-06T07:11:09Z" duration-ms="107">
      <class name="demo.Test1">
        <test-method signature="demo()[pri:0, instance:demo.Test1@71e9ddb4]" started-at="2021-02-06T07:11:09Z" name="demo" finished-at="2021-02-06T07:11:09Z" duration-ms="34" status="PASS">
          <reporter-output>
            <line>
              <![CDATA[hello selenium]]>
            </line>
          </reporter-output>
        </test-method> <!-- demo -->
      </class> <!-- demo.Test1 -->
    </test> <!-- Default test -->
  </suite> <!-- Default suite -->
</testng-results>
